{"message":"    method: POST, URL: /boards, query parameters: {}, request body: {\"title\":\"Autotest board\",\"columns\":[{\"title\":\"Backlog\",\"order\":1},{\"title\":\"Sprint\",\"order\":2}]}, 201, [8ms]","level":"info"}
{"message":"    method: GET, URL: /boards, query parameters: {}, request body: {}, 200, [2ms]","level":"info"}
{"message":"    method: GET, URL: /boards, query parameters: {}, request body: {}, 200, [1ms]","level":"info"}
{"message":"    method: GET, URL: /boards/0d6da208-6e45-48c6-8108-eac1274e8fe2, query parameters: {}, request body: {}, 200, [2ms]","level":"info"}
{"message":"    method: POST, URL: /boards, query parameters: {}, request body: {\"title\":\"Autotest board\",\"columns\":[{\"title\":\"Backlog\",\"order\":1},{\"title\":\"Sprint\",\"order\":2}]}, 201, [1ms]","level":"info"}
{"message":"    method: DELETE, URL: /boards/cf4bb927-a8a1-4425-98f9-cadc8a6a46b6, query parameters: {}, request body: {}, 204, [2ms]","level":"info"}
{"message":"    method: POST, URL: /boards, query parameters: {}, request body: {\"title\":\"Autotest board\",\"columns\":[{\"title\":\"Backlog\",\"order\":1},{\"title\":\"Sprint\",\"order\":2}]}, 201, [1ms]","level":"info"}
{"message":"    method: PUT, URL: /boards/8da62f0d-6831-44d6-9fc2-5ee5677a84cd, query parameters: {}, request body: {\"id\":\"8da62f0d-6831-44d6-9fc2-5ee5677a84cd\",\"title\":\"Autotest updated board\",\"columns\":[{\"id\":\"4e04167d-0ffe-4263-86b8-d8519d795e2a\",\"title\":\"Backlog\",\"order\":1},{\"id\":\"35dbc923-a3e8-4fd2-b94b-97ffa9845d7a\",\"title\":\"Sprint\",\"order\":2}]}, 200, [1ms]","level":"info"}
{"message":"    method: GET, URL: /boards/8da62f0d-6831-44d6-9fc2-5ee5677a84cd, query parameters: {}, request body: {}, 200, [1ms]","level":"info"}
{"message":"    method: DELETE, URL: /boards/8da62f0d-6831-44d6-9fc2-5ee5677a84cd, query parameters: {}, request body: {}, 204, [0ms]","level":"info"}
{"message":"    method: POST, URL: /boards, query parameters: {}, request body: {\"title\":\"Autotest board\",\"columns\":[{\"title\":\"Backlog\",\"order\":1},{\"title\":\"Sprint\",\"order\":2}]}, 201, [1ms]","level":"info"}
{"message":"    method: DELETE, URL: /boards/854772dc-f9c4-4db3-806e-00e9ca70ce69, query parameters: {}, request body: {}, 204, [1ms]","level":"info"}
{"message":"    method: GET, URL: /boards/854772dc-f9c4-4db3-806e-00e9ca70ce69, query parameters: {}, request body: {}, 404, [1ms]","level":"info"}
{"message":"    method: POST, URL: /boards, query parameters: {}, request body: {\"title\":\"Autotest board\",\"columns\":[{\"title\":\"Backlog\",\"order\":1},{\"title\":\"Sprint\",\"order\":2}]}, 201, [1ms]","level":"info"}
{"message":"    method: POST, URL: /boards/76c3865d-5284-4d84-a052-8c3f6040c274/tasks, query parameters: {}, request body: {\"title\":\"Task #1\",\"order\":1,\"description\":\"Lorem ipsum\",\"boardId\":\"76c3865d-5284-4d84-a052-8c3f6040c274\",\"userId\":null,\"columnId\":null}, 201, [1ms]","level":"info"}
{"message":"    method: POST, URL: /boards/76c3865d-5284-4d84-a052-8c3f6040c274/tasks, query parameters: {}, request body: {\"title\":\"Task #2\",\"order\":2,\"description\":\"Lorem ipsum\",\"boardId\":\"76c3865d-5284-4d84-a052-8c3f6040c274\",\"userId\":null,\"columnId\":null}, 201, [1ms]","level":"info"}
{"message":"    method: POST, URL: /boards/76c3865d-5284-4d84-a052-8c3f6040c274/tasks, query parameters: {}, request body: {\"title\":\"Task #3\",\"order\":3,\"description\":\"Lorem ipsum\",\"boardId\":\"76c3865d-5284-4d84-a052-8c3f6040c274\",\"userId\":null,\"columnId\":null}, 201, [0ms]","level":"info"}
{"message":"    method: POST, URL: /boards/76c3865d-5284-4d84-a052-8c3f6040c274/tasks, query parameters: {}, request body: {\"title\":\"Task #4\",\"order\":4,\"description\":\"Lorem ipsum\",\"boardId\":\"76c3865d-5284-4d84-a052-8c3f6040c274\",\"userId\":null,\"columnId\":null}, 201, [1ms]","level":"info"}
{"message":"    method: POST, URL: /boards/76c3865d-5284-4d84-a052-8c3f6040c274/tasks, query parameters: {}, request body: {\"title\":\"Task #5\",\"order\":5,\"description\":\"Lorem ipsum\",\"boardId\":\"76c3865d-5284-4d84-a052-8c3f6040c274\",\"userId\":null,\"columnId\":null}, 201, [1ms]","level":"info"}
{"message":"    method: GET, URL: /boards/76c3865d-5284-4d84-a052-8c3f6040c274/tasks/f87a95d0-6ea0-4e15-a94a-da9f065eef4f, query parameters: {}, request body: {}, 200, [1ms]","level":"info"}
{"message":"    method: GET, URL: /boards/76c3865d-5284-4d84-a052-8c3f6040c274/tasks/85c9a484-0667-4090-8aa1-d125a16c7687, query parameters: {}, request body: {}, 200, [1ms]","level":"info"}
{"message":"    method: GET, URL: /boards/76c3865d-5284-4d84-a052-8c3f6040c274/tasks/5dacab2a-713c-4307-b5ef-ce293b15bf04, query parameters: {}, request body: {}, 200, [1ms]","level":"info"}
{"message":"    method: GET, URL: /boards/76c3865d-5284-4d84-a052-8c3f6040c274/tasks/0a7eabe7-0548-4f98-a1b1-076933812a08, query parameters: {}, request body: {}, 200, [1ms]","level":"info"}
{"message":"    method: GET, URL: /boards/76c3865d-5284-4d84-a052-8c3f6040c274/tasks/9f1555d6-8f6b-4e96-8094-f5bcefef5b40, query parameters: {}, request body: {}, 200, [0ms]","level":"info"}
{"message":"    method: DELETE, URL: /boards/76c3865d-5284-4d84-a052-8c3f6040c274, query parameters: {}, request body: {}, 204, [1ms]","level":"info"}
{"status":404,"name":"ErrorNotFound","level":"error","message":"undefined"}
{"message":"    method: GET, URL: /boards/76c3865d-5284-4d84-a052-8c3f6040c274/tasks/f87a95d0-6ea0-4e15-a94a-da9f065eef4f, query parameters: {}, request body: {}, 404, [2ms]","level":"info"}
{"status":404,"name":"ErrorNotFound","level":"error","message":"undefined"}
{"message":"    method: GET, URL: /boards/76c3865d-5284-4d84-a052-8c3f6040c274/tasks/85c9a484-0667-4090-8aa1-d125a16c7687, query parameters: {}, request body: {}, 404, [1ms]","level":"info"}
{"status":404,"name":"ErrorNotFound","level":"error","message":"undefined"}
{"message":"    method: GET, URL: /boards/76c3865d-5284-4d84-a052-8c3f6040c274/tasks/5dacab2a-713c-4307-b5ef-ce293b15bf04, query parameters: {}, request body: {}, 404, [1ms]","level":"info"}
{"status":404,"name":"ErrorNotFound","level":"error","message":"undefined"}
{"message":"    method: GET, URL: /boards/76c3865d-5284-4d84-a052-8c3f6040c274/tasks/0a7eabe7-0548-4f98-a1b1-076933812a08, query parameters: {}, request body: {}, 404, [2ms]","level":"info"}
{"status":404,"name":"ErrorNotFound","level":"error","message":"undefined"}
{"message":"    method: GET, URL: /boards/76c3865d-5284-4d84-a052-8c3f6040c274/tasks/9f1555d6-8f6b-4e96-8094-f5bcefef5b40, query parameters: {}, request body: {}, 404, [1ms]","level":"info"}
{"message":"    method: DELETE, URL: /boards/0d6da208-6e45-48c6-8108-eac1274e8fe2, query parameters: {}, request body: {}, 204, [1ms]","level":"info"}
{"message":"    method: GET, URL: /users, query parameters: {}, request body: {}, 200, [1ms]","level":"info"}
{"message":"    method: POST, URL: /users, query parameters: {}, request body: {\"name\":\"TEST_USER\",\"login\":\"test_user\",\"password\":\"T35t_P@55w0rd\"}, 201, [2ms]","level":"info"}
{"message":"    method: GET, URL: /users/8ef7b685-9e37-43fa-97a4-ef5e2ce69dc9, query parameters: {}, request body: {}, 200, [2ms]","level":"info"}
{"message":"    method: DELETE, URL: /users/8ef7b685-9e37-43fa-97a4-ef5e2ce69dc9, query parameters: {}, request body: {}, 204, [1ms]","level":"info"}
{"message":"    method: POST, URL: /users, query parameters: {}, request body: {\"name\":\"TEST_USER\",\"login\":\"test_user\",\"password\":\"T35t_P@55w0rd\"}, 201, [1ms]","level":"info"}
{"message":"    method: DELETE, URL: /users/65706ced-a859-4e5d-8c45-77b86e31e4b8, query parameters: {}, request body: {}, 204, [1ms]","level":"info"}
{"message":"    method: POST, URL: /users, query parameters: {}, request body: {\"name\":\"TEST_USER\",\"login\":\"test_user\",\"password\":\"T35t_P@55w0rd\"}, 201, [1ms]","level":"info"}
{"message":"    method: PUT, URL: /users/1e82dfdf-5d0f-457f-b604-4cf5b2858e4f, query parameters: {}, request body: {\"name\":\"Autotest updated TEST_USER\",\"login\":\"test_user\",\"password\":\"T35t_P@55w0rd\",\"id\":\"1e82dfdf-5d0f-457f-b604-4cf5b2858e4f\"}, 200, [1ms]","level":"info"}
{"message":"    method: GET, URL: /users/1e82dfdf-5d0f-457f-b604-4cf5b2858e4f, query parameters: {}, request body: {}, 200, [1ms]","level":"info"}
{"message":"    method: DELETE, URL: /users/1e82dfdf-5d0f-457f-b604-4cf5b2858e4f, query parameters: {}, request body: {}, 204, [1ms]","level":"info"}
{"message":"    method: POST, URL: /users, query parameters: {}, request body: {\"name\":\"TEST_USER\",\"login\":\"test_user\",\"password\":\"T35t_P@55w0rd\"}, 201, [0ms]","level":"info"}
{"message":"    method: DELETE, URL: /users/ca18e114-6cf5-4bb2-87c9-beb47590c703, query parameters: {}, request body: {}, 204, [0ms]","level":"info"}
{"message":"    method: POST, URL: /users, query parameters: {}, request body: {\"name\":\"TEST_USER\",\"login\":\"test_user\",\"password\":\"T35t_P@55w0rd\"}, 201, [1ms]","level":"info"}
{"message":"    method: POST, URL: /boards, query parameters: {}, request body: {\"title\":\"Autotest board\",\"columns\":[{\"title\":\"Backlog\",\"order\":1},{\"title\":\"Sprint\",\"order\":2}]}, 201, [1ms]","level":"info"}
{"message":"    method: POST, URL: /boards/60a5dfc0-7f10-4053-9c54-e60d85e37fcf/tasks, query parameters: {}, request body: {\"title\":\"Task #1\",\"order\":1,\"description\":\"Lorem ipsum\",\"userId\":\"60a758ab-3a78-47e6-9622-38a207add535\",\"boardId\":\"60a5dfc0-7f10-4053-9c54-e60d85e37fcf\"}, 201, [1ms]","level":"info"}
{"message":"    method: POST, URL: /boards/60a5dfc0-7f10-4053-9c54-e60d85e37fcf/tasks, query parameters: {}, request body: {\"title\":\"Task #2\",\"order\":2,\"description\":\"Lorem ipsum\",\"userId\":\"60a758ab-3a78-47e6-9622-38a207add535\",\"boardId\":\"60a5dfc0-7f10-4053-9c54-e60d85e37fcf\"}, 201, [1ms]","level":"info"}
{"message":"    method: DELETE, URL: /users/60a758ab-3a78-47e6-9622-38a207add535, query parameters: {}, request body: {}, 204, [1ms]","level":"info"}
{"message":"    method: GET, URL: /boards/60a5dfc0-7f10-4053-9c54-e60d85e37fcf/tasks/6c01dc89-9108-4fa8-9476-04b34495f2ad, query parameters: {}, request body: {}, 200, [0ms]","level":"info"}
{"message":"    method: GET, URL: /boards/60a5dfc0-7f10-4053-9c54-e60d85e37fcf/tasks/f4e0f116-7791-418d-9058-d9aff4b8c665, query parameters: {}, request body: {}, 200, [0ms]","level":"info"}
{"message":"    method: DELETE, URL: /boards/60a5dfc0-7f10-4053-9c54-e60d85e37fcf/tasks/6c01dc89-9108-4fa8-9476-04b34495f2ad, query parameters: {}, request body: {}, 204, [1ms]","level":"info"}
{"message":"    method: DELETE, URL: /boards/60a5dfc0-7f10-4053-9c54-e60d85e37fcf/tasks/f4e0f116-7791-418d-9058-d9aff4b8c665, query parameters: {}, request body: {}, 204, [1ms]","level":"info"}
{"message":"    method: DELETE, URL: /boards/60a5dfc0-7f10-4053-9c54-e60d85e37fcf, query parameters: {}, request body: {}, 204, [0ms]","level":"info"}
{"message":"    method: POST, URL: /boards, query parameters: {}, request body: {\"title\":\"Autotest board\",\"columns\":[{\"title\":\"Backlog\",\"order\":1},{\"title\":\"Sprint\",\"order\":2}]}, 201, [1ms]","level":"info"}
{"message":"    method: POST, URL: /boards/94ef4930-1543-45e8-af25-0d099e44653d/tasks, query parameters: {}, request body: {\"title\":\"Autotest task\",\"order\":0,\"description\":\"Lorem ipsum\",\"userId\":null,\"boardId\":null,\"columnId\":null}, 201, [1ms]","level":"info"}
{"message":"    method: GET, URL: /boards/94ef4930-1543-45e8-af25-0d099e44653d/tasks, query parameters: {}, request body: {}, 200, [1ms]","level":"info"}
{"message":"    method: GET, URL: /boards/94ef4930-1543-45e8-af25-0d099e44653d/tasks, query parameters: {}, request body: {}, 200, [2ms]","level":"info"}
{"message":"    method: GET, URL: /boards/94ef4930-1543-45e8-af25-0d099e44653d/tasks/c4e53d3c-96c5-497d-86b4-a034223b978d, query parameters: {}, request body: {}, 200, [1ms]","level":"info"}
{"message":"    method: POST, URL: /boards/94ef4930-1543-45e8-af25-0d099e44653d/tasks, query parameters: {}, request body: {\"title\":\"Autotest task\",\"order\":0,\"description\":\"Lorem ipsum\",\"userId\":null,\"boardId\":null,\"columnId\":null}, 201, [1ms]","level":"info"}
{"message":"    method: DELETE, URL: /boards/94ef4930-1543-45e8-af25-0d099e44653d/tasks/999734d8-9081-4aaf-830b-0f88fa7cd55a, query parameters: {}, request body: {}, 204, [0ms]","level":"info"}
{"message":"    method: POST, URL: /boards/94ef4930-1543-45e8-af25-0d099e44653d/tasks, query parameters: {}, request body: {\"title\":\"Autotest task\",\"order\":0,\"description\":\"Lorem ipsum\",\"userId\":null,\"boardId\":null,\"columnId\":null}, 201, [1ms]","level":"info"}
{"message":"    method: PUT, URL: /boards/94ef4930-1543-45e8-af25-0d099e44653d/tasks/489e163b-7eaa-4a10-885d-e10f088d77d0, query parameters: {}, request body: {\"id\":\"489e163b-7eaa-4a10-885d-e10f088d77d0\",\"title\":\"Autotest updated task\",\"order\":0,\"description\":\"Lorem ipsum\",\"userId\":null,\"boardId\":\"94ef4930-1543-45e8-af25-0d099e44653d\",\"columnId\":null}, 200, [1ms]","level":"info"}
{"message":"    method: GET, URL: /boards/94ef4930-1543-45e8-af25-0d099e44653d/tasks/489e163b-7eaa-4a10-885d-e10f088d77d0, query parameters: {}, request body: {}, 200, [1ms]","level":"info"}
{"message":"    method: GET, URL: /boards/94ef4930-1543-45e8-af25-0d099e44653d/tasks/c4e53d3c-96c5-497d-86b4-a034223b978d, query parameters: {}, request body: {}, 200, [1ms]","level":"info"}
{"message":"    method: DELETE, URL: /boards/94ef4930-1543-45e8-af25-0d099e44653d/tasks/c4e53d3c-96c5-497d-86b4-a034223b978d, query parameters: {}, request body: {}, 204, [1ms]","level":"info"}
{"status":404,"name":"ErrorNotFound","level":"error","message":"undefined"}
{"message":"    method: GET, URL: /boards/94ef4930-1543-45e8-af25-0d099e44653d/tasks/c4e53d3c-96c5-497d-86b4-a034223b978d, query parameters: {}, request body: {}, 404, [2ms]","level":"info"}
{"message":"    method: DELETE, URL: /boards/94ef4930-1543-45e8-af25-0d099e44653d, query parameters: {}, request body: {}, 204, [0ms]","level":"info"}
